Netlist

Exported from USBug.brd at 15/02/2012 23:14:59

EAGLE Version 6.1.0 Copyright (c) 1988-2012 CadSoft

Net      Part     Pad

+3.3V    C10      1
         C3       1
         C6       1
         C7       1
         C9       1
         P2       1
         Q1       2
         R1       2
         R2       2
         R6       2
         U1       44
         U1       8
         VR1      5

+5V      C2       1
         L1       1
         P3       1
         R3       2
         VR1      1
         VR1      3

GND      C1       2
         C10      2
         C2       2
         C3       2
         C4       2
         C5       2
         C6       2
         C7       2
         C8       2
         C9       2
         D2       C
         D3       C
         D4       C
         D5       1
         J1       4
         J1       5
         P1       3
         P1       5
         P1       9
         P2       2
         P3       2
         R12      1
         R5       1
         S1       2
         S2       2
         U1       41
         U1       5
         VR1      2

ISP      R4       1
         U1       4

N$1      D1       3
         S2       1

N$2      C1       1
         D1       2
         R2       1
         R4       2

N$3      D2       A
         R6       1

N$4      D4       A
         R9       1

N$9      D3       A
         R8       1

N$13     Q1       3
         R7       2
         R8       2

PE       C8       1
         J1       M1
         J1       M2
         J1       M3
         J1       M4
         R12      2

PIO0_2   P3       13
         U1       10

PIO0_4   P3       9
         U1       15

PIO0_5   P3       8
         U1       16

PIO0_7   P3       4
         R9       2
         U1       23

PIO0_8   P2       5
         U1       27

PIO0_9   P1       6
         P2       6
         U1       28

PIO0_10  P1       4
         P2       7
         U1       29

PIO0_11  P2       10
         U1       32

PIO1_0   P2       11
         U1       33

PIO1_1   P2       12
         U1       34

PIO1_2   P2       13
         U1       35

PIO1_3   P1       2
         P2       17
         U1       39

PIO1_4   P2       18
         U1       40

PIO1_5   P3       20
         U1       45

PIO1_6   P3       19
         U1       46

PIO1_7   P3       18
         U1       47

PIO1_8   P3       14
         U1       9

PIO1_9   P3       7
         U1       17

PIO1_10  P2       8
         U1       30

PIO1_11  P2       19
         U1       42

PIO2_0   P3       15
         U1       2

PIO2_1   P3       10
         U1       13

PIO2_2   P2       4
         U1       26

PIO2_3   P2       16
         U1       38

PIO2_4   P3       6
         U1       18

PIO2_5   P3       5
         U1       21

PIO2_6   P3       16
         U1       1

PIO2_7   P3       12
         U1       11

PIO2_8   P3       11
         U1       12

PIO2_9   P3       3
         U1       24

PIO2_10  P2       3
         U1       25

PIO2_11  P2       9
         U1       31

PIO3_0   P2       14
         U1       36

PIO3_1   P2       15
         U1       37

PIO3_2   P2       20
         U1       43

PIO3_3   P3       17
         U1       48

RESET    D1       1
         P1       10
         R1       1
         S1       1
         U1       3

USBD+    R10      2
         U1       19

USBD-    R11      2
         U1       20

USB_CONNECT Q1       1
         U1       22

USB_DM   D5       3
         J1       2
         R10      1

USB_DP   D5       2
         J1       3
         R11      1
         R7       1

USB_VBUS R3       1
         R5       2
         U1       14

VBUS     D5       4
         J1       1
         L1       2

XTALIN   C4       1
         U1       6
         Y1       1

XTALOUT  C5       1
         U1       7
         Y1       2

